<?xml version="1.0" encoding="utf-8"?><testsuites name="pytest tests"><testsuite name="pytest" errors="0" failures="0" skipped="0" tests="119" time="13.640" timestamp="2026-09-19T18:46:35.439854+10:00" hostname="DESKTOP-550AABJ"><testcase classname="tests.test_analysis" name="test_no_audio_is_explicit_and_does_not_invent_transcript" time="0.008" /><testcase classname="tests.test_analysis" name="test_missing_asr_dependency_is_unavailable" time="0.005" /><testcase classname="tests.test_analysis" name="test_cancel_cannot_be_converted_to_unavailable" time="0.002" /><testcase classname="tests.test_analysis" name="test_frames_are_ordered_and_do_not_escape_base" time="0.008" /><testcase classname="tests.test_analysis" name="test_no_visual_frames_never_produces_fake_index" time="0.004" /><testcase classname="tests.test_analysis" name="test_optional_vlm_is_disabled_by_default" time="0.000" /><testcase classname="tests.test_analysis" name="test_synchronous_planner_rejects_unleased_accelerator_before_loading[cuda]" time="0.001" /><testcase classname="tests.test_analysis" name="test_synchronous_planner_rejects_unleased_accelerator_before_loading[cuda:0]" time="0.001" /><testcase classname="tests.test_analysis" name="test_synchronous_planner_rejects_unleased_accelerator_before_loading[mps]" time="0.000" /><testcase classname="tests.test_analysis" name="test_synchronous_planner_rejects_unleased_accelerator_before_loading[invalid]" time="0.000" /><testcase classname="tests.test_analysis" name="test_asr_revision_is_resolved_before_model_load_or_rejected_for_local_directory[False]" time="0.006" /><testcase classname="tests.test_analysis" name="test_asr_revision_is_resolved_before_model_load_or_rejected_for_local_directory[True]" time="0.005" /><testcase classname="tests.test_evaluation" name="test_iou_known_overlap_and_invalid_intervals" time="0.001" /><testcase classname="tests.test_evaluation" name="test_source_groups_cannot_leak_across_splits" time="0.000" /><testcase classname="tests.test_evaluation" name="test_evaluation_records_negatives_and_reproducible_identity" time="0.058" /><testcase classname="tests.test_evaluation" name="test_cannot_report_unanswerable_without_matching_gold" time="0.000" /><testcase classname="tests.test_media" name="test_normalization_preserves_delayed_audio_and_nonzero_origin" time="0.944" /><testcase classname="tests.test_media" name="test_silent_video_export_uses_actual_clip_duration_and_safe_captions" time="1.580" /><testcase classname="tests.test_media" name="test_export_boundaries_fail_closed[nan-2]" time="0.000" /><testcase classname="tests.test_media" name="test_export_boundaries_fail_closed[0-inf]" time="0.000" /><testcase classname="tests.test_media" name="test_export_boundaries_fail_closed[-1-2]" time="0.001" /><testcase classname="tests.test_media" name="test_export_boundaries_fail_closed[2-1]" time="0.000" /><testcase classname="tests.test_media" name="test_export_boundaries_fail_closed[0-11]" time="0.000" /><testcase classname="tests.test_media" name="test_export_boundaries_fail_closed[True-3]" time="0.000" /><testcase classname="tests.test_media" name="test_export_rejects_duplicate_ids_and_oversized_plan" time="0.001" /><testcase classname="tests.test_media" name="test_artifact_path_traversal_is_rejected[../outside.jpg]" time="0.003" /><testcase classname="tests.test_media" name="test_artifact_path_traversal_is_rejected[/root/image.jpg]" time="0.003" /><testcase classname="tests.test_media" name="test_artifact_path_traversal_is_rejected[C:/secret.jpg]" time="0.002" /><testcase classname="tests.test_media" name="test_artifact_path_traversal_is_rejected[frames/../../other]" time="0.002" /><testcase classname="tests.test_media" name="test_artifact_path_traversal_is_rejected[frames\\x.jpg]" time="0.002" /><testcase classname="tests.test_media" name="test_cancelled_prepare_does_not_launch_encoder" time="0.004" /><testcase classname="tests.test_media" name="test_invalid_media_rejected" time="0.121" /><testcase classname="tests.test_media" name="test_vfr_matroska_nonzero_origin_uses_packet_span" time="0.919" /><testcase classname="tests.test_media" name="test_render_selects_requested_visual_content_and_keeps_audio_aligned" time="1.105" /><testcase classname="tests.test_media" name="test_many_audio_cuts_do_not_accumulate_encoder_padding" time="3.308" /><testcase classname="tests.test_media" name="test_sampled_frame_content_matches_its_reported_timestamp" time="0.539" /><testcase classname="tests.test_retrieval" name="test_screen_only_event_is_not_found_by_speech" time="0.004" /><testcase classname="tests.test_retrieval" name="test_absent_event_abstains_instead_of_fabricating" time="0.004" /><testcase classname="tests.test_retrieval" name="test_real_visual_index_schema_and_unverified_labels" time="0.007" /><testcase classname="tests.test_retrieval" name="test_corrupt_visual_index_fails_closed" time="0.004" /><testcase classname="tests.test_retrieval" name="test_visual_runtime_failure_is_not_reported_as_no_answer" time="0.005" /><testcase classname="tests.test_retrieval" name="test_vlm_caption_retains_unverified_provenance" time="0.005" /><testcase classname="tests.test_retrieval" name="test_planner_preserves_evidence_and_does_not_turn_ocr_into_speech" time="0.004" /><testcase classname="tests.test_retrieval" name="test_planner_empty_and_invalid_input" time="0.003" /><testcase classname="tests.test_retrieval" name="test_short_target_never_cuts_away_the_cited_event" time="0.003" /><testcase classname="tests.test_retrieval" name="test_model_selection_rejects_injected_fields_and_unknown_candidates[not JSON]" time="0.000" /><testcase classname="tests.test_retrieval" name="test_model_selection_rejects_injected_fields_and_unknown_candidates[{}]" time="0.000" /><testcase classname="tests.test_retrieval" name="test_model_selection_rejects_injected_fields_and_unknown_candidates[{&quot;evidence_ids&quot;:[&quot;unknown&quot;]}]" time="0.000" /><testcase classname="tests.test_retrieval" name="test_model_selection_rejects_injected_fields_and_unknown_candidates[{&quot;evidence_ids&quot;:[&quot;safe&quot;,&quot;safe&quot;]}]" time="0.000" /><testcase classname="tests.test_retrieval" name="test_model_selection_rejects_injected_fields_and_unknown_candidates[{&quot;evidence_ids&quot;:[&quot;safe&quot;],&quot;start&quot;:-100}]" time="0.000" /><testcase classname="tests.test_retrieval" name="test_model_selection_rejects_injected_fields_and_unknown_candidates[{&quot;evidence_ids&quot;:[&quot;safe&quot;],&quot;subtitle&quot;:&quot;invented speech&quot;}]" time="0.000" /><testcase classname="tests.test_retrieval" name="test_model_selection_rejects_injected_fields_and_unknown_candidates[{&quot;evidence_ids&quot;:[&quot;safe&quot;],&quot;evidence_ids&quot;:[&quot;unknown&quot;]}]" time="0.000" /><testcase classname="tests.test_retrieval" name="test_model_selection_rejects_injected_fields_and_unknown_candidates[{&quot;evidence_ids&quot;:[{&quot;id&quot;:&quot;safe&quot;,&quot;path&quot;:&quot;../../secret&quot;}]}]" time="0.000" /><testcase classname="tests.test_retrieval" name="test_model_can_only_order_valid_source_evidence" time="0.005" /><testcase classname="tests.test_retrieval" name="test_rejected_model_plan_has_explicit_fallback[{&quot;evidence_ids&quot;:[&quot;attacker-id&quot;]}]" time="0.003" /><testcase classname="tests.test_retrieval" name="test_rejected_model_plan_has_explicit_fallback[```broken```]" time="0.004" /><testcase classname="tests.test_retrieval" name="test_model_empty_selection_is_honest_abstention" time="0.003" /><testcase classname="tests.test_retrieval" name="test_manifest_ids_match_lexical_clamping_and_fusion" time="0.004" /><testcase classname="tests.test_retrieval" name="test_overlap_budget_does_not_cite_an_earlier_event_outside_the_clip" time="0.000" /><testcase classname="tests.test_retrieval" name="test_connected_candidates_over_budget_keep_a_supported_subset" time="0.000" /><testcase classname="tests.test_retrieval" name="test_context_does_not_consume_later_accepted_core_budget" time="0.000" /><testcase classname="tests.test_store_api" name="test_chunk_replay_conflict_and_complete_idempotency" time="0.086" /><testcase classname="tests.test_store_api" name="test_crash_after_file_append_before_database_commit" time="0.050" /><testcase classname="tests.test_store_api" name="test_pending_uploads_reserve_quota" time="0.038" /><testcase classname="tests.test_store_api" name="test_project_isolation_and_viewer_permissions" time="0.074" /><testcase classname="tests.test_store_api" name="test_concurrent_claim_only_one_prepare_owner" time="0.115" /><testcase classname="tests.test_store_api" name="test_expired_token_cannot_commit_or_renew" time="0.092" /><testcase classname="tests.test_store_api" name="test_gpu_resource_serializes_different_projects" time="0.108" /><testcase classname="tests.test_store_api" name="test_failures_block_descendants_and_retry_recovers" time="0.080" /><testcase classname="tests.test_store_api" name="test_cancel_fences_active_job_and_all_descendants" time="0.068" /><testcase classname="tests.test_store_api" name="test_deleted_asset_cannot_resurrect_from_active_job" time="0.088" /><testcase classname="tests.test_store_api" name="test_optimistic_edits_and_restore_create_immutable_versions" time="0.127" /><testcase classname="tests.test_store_api" name="test_invalid_clip_times_rejected[-1-2]" time="0.033" /><testcase classname="tests.test_store_api" name="test_invalid_clip_times_rejected[3-2]" time="0.037" /><testcase classname="tests.test_store_api" name="test_invalid_clip_times_rejected[0-31]" time="0.035" /><testcase classname="tests.test_store_api" name="test_invalid_clip_times_rejected[0-nan]" time="0.029" /><testcase classname="tests.test_store_api" name="test_invalid_clip_times_rejected[0-inf]" time="0.033" /><testcase classname="tests.test_store_api" name="test_invalid_clip_times_rejected[True-2]" time="0.034" /><testcase classname="tests.test_store_api" name="test_cross_project_run_cannot_be_attached" time="0.181" /><testcase classname="tests.test_store_api" name="test_export_freezes_saved_revision_and_is_idempotent" time="0.130" /><testcase classname="tests.test_store_api" name="test_storage_rejects_unsafe_keys[../escape]" time="0.034" /><testcase classname="tests.test_store_api" name="test_storage_rejects_unsafe_keys[/absolute]" time="0.030" /><testcase classname="tests.test_store_api" name="test_storage_rejects_unsafe_keys[a/../../escape]" time="0.030" /><testcase classname="tests.test_store_api" name="test_storage_rejects_unsafe_keys[a\\b]" time="0.030" /><testcase classname="tests.test_store_api" name="test_storage_rejects_unsafe_keys[a//b]" time="0.031" /><testcase classname="tests.test_store_api" name="test_storage_rejects_unsafe_keys[a/./b]" time="0.033" /><testcase classname="tests.test_store_api" name="test_storage_rejects_unsafe_keys[C:/secret]" time="0.034" /><testcase classname="tests.test_store_api" name="test_api_auth_csrf_origin_and_media_isolation" time="0.450" /><testcase classname="tests.test_store_api" name="test_schema_version_is_checked" time="0.029" /><testcase classname="tests.test_store_api" name="test_empty_edit_can_be_saved_but_not_exported" time="0.106" /><testcase classname="tests.test_store_api" name="test_reanalysis_reuses_only_unchanged_successful_stages" time="0.123" /><testcase classname="tests.test_store_api" name="test_unavailable_vlm_does_not_poison_cache" time="0.115" /><testcase classname="tests.test_store_api" name="test_blocked_first_hundred_jobs_do_not_starve_ready_work" time="0.100" /><testcase classname="tests.test_store_api" name="test_auth_limits_shared_across_store_instances" time="0.037" /><testcase classname="tests.test_store_api" name="test_comment_time_binds_to_source_asset" time="0.096" /><testcase classname="tests.test_store_api" name="test_cancel_upload_releases_quota_and_fences_late_chunks" time="0.051" /><testcase classname="tests.test_store_api" name="test_other_member_cannot_cancel_someones_upload" time="0.046" /><testcase classname="tests.test_store_api" name="test_migrate_legacy_comments_and_preserve_user_data" time="0.042" /><testcase classname="tests.test_store_api" name="test_timeline_rejects_invented_evidence_from_client" time="0.116" /><testcase classname="tests.test_store_api" name="test_cancelled_gpu_release_ack_cannot_release_new_owner" time="0.121" /><testcase classname="tests.test_store_api" name="test_s3_materialization_uses_short_atomic_staging_and_cleans_failure" time="0.038" /><testcase classname="tests.test_worker" name="test_run_model_identity_is_frozen_and_environment_restored" time="0.000" /><testcase classname="tests.test_worker" name="test_long_stage_renews_and_publishes_before_commit" time="0.126" /><testcase classname="tests.test_worker" name="test_lost_lease_abandons_stage_without_publishing_or_failing_new_owner" time="0.063" /><testcase classname="tests.test_worker" name="test_cancel_while_uploading_does_not_commit_attempt" time="0.057" /><testcase classname="tests.test_worker" name="test_external_error_is_reported_with_same_lease" time="0.005" /><testcase classname="tests.test_worker" name="test_artifact_must_stay_in_committed_directory" time="0.006" /><testcase classname="tests.test_worker" name="test_drain_stops_when_no_eligible_jobs_remain" time="0.007" /><testcase classname="tests.test_worker" name="test_daemon_retries_database_disconnect_with_bounded_backoff" time="0.003" /><testcase classname="tests.test_worker" name="test_non_daemon_database_disconnect_fails_explicitly[options0]" time="0.001" /><testcase classname="tests.test_worker" name="test_non_daemon_database_disconnect_fails_explicitly[options1]" time="0.001" /><testcase classname="tests.test_worker" name="test_daemon_does_not_hide_programming_errors" time="0.001" /><testcase classname="tests.test_worker" name="test_abandon_database_disconnect_does_not_mask_stage_result" time="0.006" /><testcase classname="tests.test_worker" name="test_backup_restores_database_objects_and_upload_buffers" time="0.126" /><testcase classname="tests.test_worker" name="test_corrupt_backup_is_rejected_before_restore" time="0.011" /><testcase classname="tests.test_worker" name="test_render_provenance_uses_frozen_export_snapshot" time="0.009" /><testcase classname="tests.test_worker" name="test_gc_dry_run_then_apply_preserves_live_asset_and_audit" time="0.316" /><testcase classname="tests.test_worker" name="test_gc_refuses_recent_worker_and_unsafe_paths" time="0.279" /><testcase classname="tests.test_worker" name="test_gc_refuses_artifact_referenced_by_live_asset" time="0.295" /></testsuite></testsuites>